23-Nov-22 12:06:22 AM INFO - this is a test


23-Nov-22 12:07:26 AM INFO - Getting statuses
23-Nov-22 12:08:27 AM INFO - Getting statuses
23-Nov-22 12:08:28 AM INFO - this is another test


23-Nov-22 12:19:46 PM INFO - Getting statuses
23-Nov-22 12:19:47 PM INFO - I realized im boosting posts more than writing my own.


23-Nov-22 12:19:59 PM INFO - Its December soon and I am looking forward to the Christmas decorations around
#singapore !


23-Nov-22 12:21:53 PM INFO - Getting statuses
23-Nov-22 12:21:54 PM INFO - I realized im boosting posts more than writing my own.


23-Nov-22 12:22:28 PM INFO - Getting statuses
23-Nov-22 12:22:30 PM INFO - I realized im boosting posts more than writing my own.


23-Nov-22 12:23:03 PM INFO - Getting statuses
23-Nov-22 12:24:04 PM INFO - Getting statuses
23-Nov-22 12:25:05 PM INFO - Getting statuses
23-Nov-22 12:25:06 PM INFO - this is a test


23-Nov-22 12:26:42 PM INFO - Getting statuses
23-Nov-22 12:28:07 PM INFO - Getting statuses
23-Nov-22 12:28:44 PM INFO - new test with no mentions


23-Nov-22 12:38:47 PM INFO - Getting statuses
23-Nov-22 12:39:48 PM INFO - Getting statuses
23-Nov-22 12:41:02 PM INFO - Getting statuses
23-Nov-22 12:41:03 PM INFO - this has no mention


23-Nov-22 12:42:27 PM INFO - Getting statuses
23-Nov-22 12:43:28 PM INFO - Getting statuses
